[0.005s] Invoking command in '/ros_ws/build/zoomba': CMAKE_PREFIX_PATH=${CMAKE_PREFIX_PATH}:/opt/ros/humble /usr/bin/cmake --build /ros_ws/build/zoomba -- -j16 -l16
[0.017s] -- Found ament_cmake: 1.3.12 (/opt/ros/humble/share/ament_cmake/cmake)
[0.071s] -- Found rclcpp: 16.0.17 (/opt/ros/humble/share/rclcpp/cmake)
[0.083s] -- Found rosidl_generator_c: 3.1.8 (/opt/ros/humble/share/rosidl_generator_c/cmake)
[0.084s] -- Found rosidl_adapter: 3.1.8 (/opt/ros/humble/share/rosidl_adapter/cmake)
[0.087s] -- Found rosidl_generator_cpp: 3.1.8 (/opt/ros/humble/share/rosidl_generator_cpp/cmake)
[0.090s] -- Using all available rosidl_typesupport_c: rosidl_typesupport_fastrtps_c;rosidl_typesupport_introspection_c
[0.095s] -- Using all available rosidl_typesupport_cpp: rosidl_typesupport_fastrtps_cpp;rosidl_typesupport_introspection_cpp
[0.108s] -- Found rmw_implementation_cmake: 6.1.2 (/opt/ros/humble/share/rmw_implementation_cmake/cmake)
[0.109s] -- Found rmw_fastrtps_cpp: 6.2.9 (/opt/ros/humble/share/rmw_fastrtps_cpp/cmake)
[0.158s] -- Using RMW implementation 'rmw_fastrtps_cpp' as default
[0.177s] -- Found robot_state_publisher: 3.0.3 (/opt/ros/humble/share/robot_state_publisher/cmake)
[0.183s] -- Found eigen3_cmake_module: 0.1.1 (/opt/ros/humble/share/eigen3_cmake_module/cmake)
[0.183s] -- Ensuring Eigen3 include directory is part of orocos-kdl CMake target
[0.233s] -- Found xacro: 2.1.1 (/opt/ros/humble/share/xacro/cmake)
[0.234s] -- Found ament_lint_auto: 0.12.14 (/opt/ros/humble/share/ament_lint_auto/cmake)
[0.262s] -- Added test 'flake8' to check Python code syntax and style conventions
[0.262s] -- Added test 'lint_cmake' to check CMake code style
[0.262s] -- Added test 'pep257' to check Python code against some of the docstring style conventions in PEP 257
[0.263s] -- Added test 'xmllint' to check XML markup files
[0.263s] -- Configuring done
[0.264s] [31mCMake Error at CMakeLists.txt:15 (add_executable):
[0.264s]   Cannot find source file:
[0.264s] 
[0.264s]     src/publisher.cpp
[0.264s] 
[0.264s]   Tried extensions .c .C .c++ .cc .cpp .cxx .cu .mpp .m .M .mm .ixx .cppm .h
[0.264s]   .hh .h++ .hm .hpp .hxx .in .txx .f .F .for .f77 .f90 .f95 .f03 .hip .ispc
[0.264s] 
[0.264s] [0m
[0.265s] [31mCMake Error at CMakeLists.txt:18 (add_executable):
[0.265s]   Cannot find source file:
[0.265s] 
[0.265s]     src/subscriber.cpp
[0.265s] 
[0.265s]   Tried extensions .c .C .c++ .cc .cpp .cxx .cu .mpp .m .M .mm .ixx .cppm .h
[0.265s]   .hh .h++ .hm .hpp .hxx .in .txx .f .F .for .f77 .f90 .f95 .f03 .hip .ispc
[0.265s] 
[0.265s] [0m
[0.265s] [31mCMake Error at CMakeLists.txt:15 (add_executable):
[0.265s]   No SOURCES given to target: talker
[0.265s] 
[0.265s] [0m
[0.265s] [31mCMake Error at CMakeLists.txt:18 (add_executable):
[0.265s]   No SOURCES given to target: listener
[0.265s] 
[0.265s] [0m
[0.265s] [0mCMake Generate step failed.  Build files cannot be regenerated correctly.[0m
[0.267s] gmake: *** [Makefile:226: cmake_check_build_system] Error 1
[0.268s] Invoked command in '/ros_ws/build/zoomba' returned '2': CMAKE_PREFIX_PATH=${CMAKE_PREFIX_PATH}:/opt/ros/humble /usr/bin/cmake --build /ros_ws/build/zoomba -- -j16 -l16
