-- The C compiler identification is GNU 11.4.0
-- The CXX compiler identification is GNU 11.4.0
-- Detecting C compiler ABI info
-- Detecting C compiler ABI info - done
-- Check for working C compiler: /usr/bin/cc - skipped
-- Detecting C compile features
-- Detecting C compile features - done
-- Detecting CXX compiler ABI info
-- Detecting CXX compiler ABI info - done
-- Check for working CXX compiler: /usr/bin/c++ - skipped
-- Detecting CXX compile features
-- Detecting CXX compile features - done
-- Found ament_cmake: 1.3.12 (/opt/ros/humble/share/ament_cmake/cmake)
-- Found Python3: /usr/bin/python3 (found version "3.10.12") found components: Interpreter 
-- Found rclcpp: 16.0.17 (/opt/ros/humble/share/rclcpp/cmake)
-- Found rosidl_generator_c: 3.1.8 (/opt/ros/humble/share/rosidl_generator_c/cmake)
-- Found rosidl_adapter: 3.1.8 (/opt/ros/humble/share/rosidl_adapter/cmake)
-- Found rosidl_generator_cpp: 3.1.8 (/opt/ros/humble/share/rosidl_generator_cpp/cmake)
-- Using all available rosidl_typesupport_c: rosidl_typesupport_fastrtps_c;rosidl_typesupport_introspection_c
-- Using all available rosidl_typesupport_cpp: rosidl_typesupport_fastrtps_cpp;rosidl_typesupport_introspection_cpp
-- Found rmw_implementation_cmake: 6.1.2 (/opt/ros/humble/share/rmw_implementation_cmake/cmake)
-- Found rmw_fastrtps_cpp: 6.2.9 (/opt/ros/humble/share/rmw_fastrtps_cpp/cmake)
-- Found OpenSSL: /usr/lib/x86_64-linux-gnu/libcrypto.so (found version "3.0.2")  
-- Found FastRTPS: /opt/ros/humble/include  
-- Using RMW implementation 'rmw_fastrtps_cpp' as default
-- Looking for pthread.h
-- Looking for pthread.h - found
-- Performing Test CMAKE_HAVE_LIBC_PTHREAD
-- Performing Test CMAKE_HAVE_LIBC_PTHREAD - Success
-- Found Threads: TRUE  
-- Found robot_state_publisher: 3.0.3 (/opt/ros/humble/share/robot_state_publisher/cmake)
-- Found eigen3_cmake_module: 0.1.1 (/opt/ros/humble/share/eigen3_cmake_module/cmake)
-- Found Eigen3: TRUE (found version "3.4.0") 
-- Ensuring Eigen3 include directory is part of orocos-kdl CMake target
-- Found xacro: 2.1.1 (/opt/ros/humble/share/xacro/cmake)
-- Found ament_lint_auto: 0.12.14 (/opt/ros/humble/share/ament_lint_auto/cmake)
-- Added test 'cppcheck' to perform static code analysis on C / C++ code
-- Configured cppcheck include dirs: 
-- Configured cppcheck exclude dirs and/or files: 
-- Added test 'flake8' to check Python code syntax and style conventions
-- Added test 'lint_cmake' to check CMake code style
-- Added test 'pep257' to check Python code against some of the docstring style conventions in PEP 257
-- Added test 'uncrustify' to check C / C++ code style
-- Configured uncrustify additional arguments: 
-- Added test 'xmllint' to check XML markup files
-- Configuring done
-- Generating done
-- Build files have been written to: /ros_ws/build/zoomba
-- Install configuration: ""
-- Up-to-date: /ros_ws/install/zoomba/share/zoomba//launch
-- Up-to-date: /ros_ws/install/zoomba/share/zoomba//launch/sim.launch.py
-- Up-to-date: /ros_ws/install/zoomba/share/zoomba//urdf
-- Up-to-date: /ros_ws/install/zoomba/share/zoomba//urdf/zoomba.urdf.xacro
-- Up-to-date: /ros_ws/install/zoomba/share/zoomba//config
-- Up-to-date: /ros_ws/install/zoomba/share/zoomba//config/params.yaml
-- Installing: /ros_ws/install/zoomba/share/zoomba//config/rviz.rviz
-- Installing: /ros_ws/install/zoomba/share/ament_index/resource_index/package_run_dependencies/zoomba
-- Installing: /ros_ws/install/zoomba/share/ament_index/resource_index/parent_prefix_path/zoomba
-- Up-to-date: /ros_ws/install/zoomba/share/zoomba/environment/ament_prefix_path.sh
-- Installing: /ros_ws/install/zoomba/share/zoomba/environment/ament_prefix_path.dsv
-- Up-to-date: /ros_ws/install/zoomba/share/zoomba/environment/path.sh
-- Installing: /ros_ws/install/zoomba/share/zoomba/environment/path.dsv
-- Installing: /ros_ws/install/zoomba/share/zoomba/local_setup.bash
-- Installing: /ros_ws/install/zoomba/share/zoomba/local_setup.sh
-- Installing: /ros_ws/install/zoomba/share/zoomba/local_setup.zsh
-- Installing: /ros_ws/install/zoomba/share/zoomba/local_setup.dsv
-- Installing: /ros_ws/install/zoomba/share/zoomba/package.dsv
-- Installing: /ros_ws/install/zoomba/share/ament_index/resource_index/packages/zoomba
-- Installing: /ros_ws/install/zoomba/share/zoomba/cmake/zoombaConfig.cmake
-- Installing: /ros_ws/install/zoomba/share/zoomba/cmake/zoombaConfig-version.cmake
-- Up-to-date: /ros_ws/install/zoomba/share/zoomba/package.xml
