[0.004s] Invoking command in '/ros_ws/build/zoomba': CMAKE_PREFIX_PATH=${CMAKE_PREFIX_PATH}:/opt/ros/humble /usr/bin/cmake /ros_ws/src/zoomba -DCMAKE_INSTALL_PREFIX=/ros_ws/install/zoomba
[0.028s] -- The C compiler identification is GNU 11.4.0
[0.051s] -- The CXX compiler identification is GNU 11.4.0
[0.054s] -- Detecting C compiler ABI info
[0.079s] -- Detecting C compiler ABI info - done
[0.082s] -- Check for working C compiler: /usr/bin/cc - skipped
[0.082s] -- Detecting C compile features
[0.083s] -- Detecting C compile features - done
[0.084s] -- Detecting CXX compiler ABI info
[0.113s] -- Detecting CXX compiler ABI info - done
[0.116s] -- Check for working CXX compiler: /usr/bin/c++ - skipped
[0.116s] -- Detecting CXX compile features
[0.116s] -- Detecting CXX compile features - done
[0.118s] -- Found ament_cmake: 1.3.12 (/opt/ros/humble/share/ament_cmake/cmake)
[0.180s] -- Found Python3: /usr/bin/python3 (found version "3.10.12") found components: Interpreter 
[0.219s] -- Found rclcpp: 16.0.17 (/opt/ros/humble/share/rclcpp/cmake)
[0.237s] -- Found rosidl_generator_c: 3.1.8 (/opt/ros/humble/share/rosidl_generator_c/cmake)
[0.239s] -- Found rosidl_adapter: 3.1.8 (/opt/ros/humble/share/rosidl_adapter/cmake)
[0.243s] -- Found rosidl_generator_cpp: 3.1.8 (/opt/ros/humble/share/rosidl_generator_cpp/cmake)
[0.250s] -- Using all available rosidl_typesupport_c: rosidl_typesupport_fastrtps_c;rosidl_typesupport_introspection_c
[0.257s] -- Using all available rosidl_typesupport_cpp: rosidl_typesupport_fastrtps_cpp;rosidl_typesupport_introspection_cpp
[0.276s] -- Found rmw_implementation_cmake: 6.1.2 (/opt/ros/humble/share/rmw_implementation_cmake/cmake)
[0.277s] -- Found rmw_fastrtps_cpp: 6.2.9 (/opt/ros/humble/share/rmw_fastrtps_cpp/cmake)
[0.312s] -- Found OpenSSL: /usr/lib/x86_64-linux-gnu/libcrypto.so (found version "3.0.2")  
[0.325s] -- Found FastRTPS: /opt/ros/humble/include  
[0.346s] -- Using RMW implementation 'rmw_fastrtps_cpp' as default
[0.349s] -- Looking for pthread.h
[0.386s] -- Looking for pthread.h - found
[0.386s] -- Performing Test CMAKE_HAVE_LIBC_PTHREAD
[0.413s] -- Performing Test CMAKE_HAVE_LIBC_PTHREAD - Success
[0.413s] -- Found Threads: TRUE  
[0.435s] -- Found robot_state_publisher: 3.0.3 (/opt/ros/humble/share/robot_state_publisher/cmake)
[0.448s] -- Found eigen3_cmake_module: 0.1.1 (/opt/ros/humble/share/eigen3_cmake_module/cmake)
[0.449s] -- Found Eigen3: TRUE (found version "3.4.0") 
[0.449s] -- Ensuring Eigen3 include directory is part of orocos-kdl CMake target
[0.515s] -- Found xacro: 2.1.1 (/opt/ros/humble/share/xacro/cmake)
[0.516s] -- Found ament_lint_auto: 0.12.14 (/opt/ros/humble/share/ament_lint_auto/cmake)
[0.549s] -- Added test 'cppcheck' to perform static code analysis on C / C++ code
[0.549s] -- Configured cppcheck include dirs: 
[0.549s] -- Configured cppcheck exclude dirs and/or files: 
[0.549s] -- Added test 'flake8' to check Python code syntax and style conventions
[0.550s] -- Added test 'lint_cmake' to check CMake code style
[0.550s] -- Added test 'pep257' to check Python code against some of the docstring style conventions in PEP 257
[0.550s] -- Added test 'uncrustify' to check C / C++ code style
[0.550s] -- Configured uncrustify additional arguments: 
[0.550s] -- Added test 'xmllint' to check XML markup files
[0.551s] -- Configuring done
[0.553s] -- Generating done
[0.554s] -- Build files have been written to: /ros_ws/build/zoomba
[0.558s] Invoked command in '/ros_ws/build/zoomba' returned '0': CMAKE_PREFIX_PATH=${CMAKE_PREFIX_PATH}:/opt/ros/humble /usr/bin/cmake /ros_ws/src/zoomba -DCMAKE_INSTALL_PREFIX=/ros_ws/install/zoomba
[0.559s] Invoking command in '/ros_ws/build/zoomba': CMAKE_PREFIX_PATH=${CMAKE_PREFIX_PATH}:/opt/ros/humble /usr/bin/cmake --build /ros_ws/build/zoomba -- -j16 -l16
[0.574s] Invoked command in '/ros_ws/build/zoomba' returned '0': CMAKE_PREFIX_PATH=${CMAKE_PREFIX_PATH}:/opt/ros/humble /usr/bin/cmake --build /ros_ws/build/zoomba -- -j16 -l16
[0.578s] Invoking command in '/ros_ws/build/zoomba': CMAKE_PREFIX_PATH=${CMAKE_PREFIX_PATH}:/opt/ros/humble /usr/bin/cmake --install /ros_ws/build/zoomba
[0.580s] -- Install configuration: ""
[0.580s] -- Up-to-date: /ros_ws/install/zoomba/share/zoomba//launch
[0.580s] -- Up-to-date: /ros_ws/install/zoomba/share/zoomba//launch/sim.launch.py
[0.580s] -- Up-to-date: /ros_ws/install/zoomba/share/zoomba//urdf
[0.580s] -- Up-to-date: /ros_ws/install/zoomba/share/zoomba//urdf/zoomba.urdf.xacro
[0.580s] -- Up-to-date: /ros_ws/install/zoomba/share/zoomba//config
[0.580s] -- Up-to-date: /ros_ws/install/zoomba/share/zoomba//config/params.yaml
[0.580s] -- Installing: /ros_ws/install/zoomba/share/zoomba//config/rviz.rviz
[0.580s] -- Installing: /ros_ws/install/zoomba/share/ament_index/resource_index/package_run_dependencies/zoomba
[0.580s] -- Installing: /ros_ws/install/zoomba/share/ament_index/resource_index/parent_prefix_path/zoomba
[0.580s] -- Up-to-date: /ros_ws/install/zoomba/share/zoomba/environment/ament_prefix_path.sh
[0.580s] -- Installing: /ros_ws/install/zoomba/share/zoomba/environment/ament_prefix_path.dsv
[0.580s] -- Up-to-date: /ros_ws/install/zoomba/share/zoomba/environment/path.sh
[0.580s] -- Installing: /ros_ws/install/zoomba/share/zoomba/environment/path.dsv
[0.580s] -- Installing: /ros_ws/install/zoomba/share/zoomba/local_setup.bash
[0.581s] -- Installing: /ros_ws/install/zoomba/share/zoomba/local_setup.sh
[0.581s] -- Installing: /ros_ws/install/zoomba/share/zoomba/local_setup.zsh
[0.581s] -- Installing: /ros_ws/install/zoomba/share/zoomba/local_setup.dsv
[0.581s] -- Installing: /ros_ws/install/zoomba/share/zoomba/package.dsv
[0.581s] -- Installing: /ros_ws/install/zoomba/share/ament_index/resource_index/packages/zoomba
[0.581s] -- Installing: /ros_ws/install/zoomba/share/zoomba/cmake/zoombaConfig.cmake
[0.581s] -- Installing: /ros_ws/install/zoomba/share/zoomba/cmake/zoombaConfig-version.cmake
[0.581s] -- Up-to-date: /ros_ws/install/zoomba/share/zoomba/package.xml
[0.581s] Invoked command in '/ros_ws/build/zoomba' returned '0': CMAKE_PREFIX_PATH=${CMAKE_PREFIX_PATH}:/opt/ros/humble /usr/bin/cmake --install /ros_ws/build/zoomba
