[0.000000] (-) TimerEvent: {}
[0.000263] (zoomba) JobQueued: {'identifier': 'zoomba', 'dependencies': OrderedDict()}
[0.000312] (zoomba) JobStarted: {'identifier': 'zoomba'}
[0.006893] (zoomba) JobProgress: {'identifier': 'zoomba', 'progress': 'cmake'}
[0.007304] (zoomba) JobProgress: {'identifier': 'zoomba', 'progress': 'build'}
[0.007572] (zoomba) Command: {'cmd': ['/usr/bin/cmake', '--build', '/ros_ws/build/zoomba', '--', '-j16', '-l16'], 'cwd': '/ros_ws/build/zoomba', 'env': OrderedDict([('HOSTNAME', 'aidan-Linux'), ('SHLVL', '1'), ('LD_LIBRARY_PATH', '/opt/ros/humble/opt/rviz_ogre_vendor/lib:/opt/ros/humble/lib/x86_64-linux-gnu:/opt/ros/humble/lib'), ('HOME', '/home/ros'), ('OLDPWD', '/'), ('ROS_PYTHON_VERSION', '3'), ('WAYLAND_DISPLAY', ''), ('COLCON_PREFIX_PATH', '/ros_ws/install'), ('ROS_DISTRO', 'humble'), ('_', '/usr/bin/colcon'), ('ROS_VERSION', '2'), ('TERM', 'xterm'), ('ROS_LOCALHOST_ONLY', '0'), ('QT_X11_NO_MITSHM', '1'), ('PATH', '/opt/ros/humble/bin:/usr/local/sbin:/usr/local/bin:/usr/sbin:/usr/bin:/sbin:/bin'), ('XDG_RUNTIME_DIR', '/run/user/1000'), ('DISPLAY', ':1'), ('LANG', 'C.UTF-8'), ('AMENT_PREFIX_PATH', '/ros_ws/install/zoomba:/opt/ros/humble'), ('PWD', '/ros_ws/build/zoomba'), ('LC_ALL', 'C.UTF-8'), ('PYTHONPATH', '/opt/ros/humble/lib/python3.10/site-packages:/opt/ros/humble/local/lib/python3.10/dist-packages'), ('COLCON', '1'), ('CMAKE_PREFIX_PATH', '/ros_ws/install/zoomba:/opt/ros/humble')]), 'shell': False}
[0.063404] (zoomba) CommandEnded: {'returncode': 0}
[0.063932] (zoomba) JobProgress: {'identifier': 'zoomba', 'progress': 'install'}
[0.066800] (zoomba) Command: {'cmd': ['/usr/bin/cmake', '--install', '/ros_ws/build/zoomba'], 'cwd': '/ros_ws/build/zoomba', 'env': OrderedDict([('HOSTNAME', 'aidan-Linux'), ('SHLVL', '1'), ('LD_LIBRARY_PATH', '/opt/ros/humble/opt/rviz_ogre_vendor/lib:/opt/ros/humble/lib/x86_64-linux-gnu:/opt/ros/humble/lib'), ('HOME', '/home/ros'), ('OLDPWD', '/'), ('ROS_PYTHON_VERSION', '3'), ('WAYLAND_DISPLAY', ''), ('COLCON_PREFIX_PATH', '/ros_ws/install'), ('ROS_DISTRO', 'humble'), ('_', '/usr/bin/colcon'), ('ROS_VERSION', '2'), ('TERM', 'xterm'), ('ROS_LOCALHOST_ONLY', '0'), ('QT_X11_NO_MITSHM', '1'), ('PATH', '/opt/ros/humble/bin:/usr/local/sbin:/usr/local/bin:/usr/sbin:/usr/bin:/sbin:/bin'), ('XDG_RUNTIME_DIR', '/run/user/1000'), ('DISPLAY', ':1'), ('LANG', 'C.UTF-8'), ('AMENT_PREFIX_PATH', '/ros_ws/install/zoomba:/opt/ros/humble'), ('PWD', '/ros_ws/build/zoomba'), ('LC_ALL', 'C.UTF-8'), ('PYTHONPATH', '/opt/ros/humble/lib/python3.10/site-packages:/opt/ros/humble/local/lib/python3.10/dist-packages'), ('COLCON', '1'), ('CMAKE_PREFIX_PATH', '/ros_ws/install/zoomba:/opt/ros/humble')]), 'shell': False}
[0.069808] (zoomba) StdoutLine: {'line': b'-- Install configuration: ""\n'}
[0.069954] (zoomba) StdoutLine: {'line': b'-- Up-to-date: /ros_ws/install/zoomba/lib/zoomba/publisher.py\n'}
[0.069993] (zoomba) StdoutLine: {'line': b'-- Up-to-date: /ros_ws/install/zoomba/lib/zoomba/subscriber.py\n'}
[0.070014] (zoomba) StdoutLine: {'line': b'-- Up-to-date: /ros_ws/install/zoomba/share/zoomba//launch\n'}
[0.070042] (zoomba) StdoutLine: {'line': b'-- Installing: /ros_ws/install/zoomba/share/zoomba//launch/razz.launch.py\n'}
[0.070081] (zoomba) StdoutLine: {'line': b'-- Up-to-date: /ros_ws/install/zoomba/share/zoomba//launch/sim.launch.py\n'}
[0.070106] (zoomba) StdoutLine: {'line': b'-- Up-to-date: /ros_ws/install/zoomba/share/zoomba//urdf\n'}
[0.070131] (zoomba) StdoutLine: {'line': b'-- Up-to-date: /ros_ws/install/zoomba/share/zoomba//urdf/zoomba.urdf.xacro\n'}
[0.070165] (zoomba) StdoutLine: {'line': b'-- Up-to-date: /ros_ws/install/zoomba/share/zoomba//config\n'}
[0.070189] (zoomba) StdoutLine: {'line': b'-- Up-to-date: /ros_ws/install/zoomba/share/zoomba//config/params.yaml\n'}
[0.070207] (zoomba) StdoutLine: {'line': b'-- Up-to-date: /ros_ws/install/zoomba/share/zoomba//config/rviz.rviz\n'}
[0.070225] (zoomba) StdoutLine: {'line': b'-- Up-to-date: /ros_ws/install/zoomba/share/ament_index/resource_index/package_run_dependencies/zoomba\n'}
[0.070243] (zoomba) StdoutLine: {'line': b'-- Up-to-date: /ros_ws/install/zoomba/share/ament_index/resource_index/parent_prefix_path/zoomba\n'}
[0.070273] (zoomba) StdoutLine: {'line': b'-- Up-to-date: /ros_ws/install/zoomba/share/zoomba/environment/ament_prefix_path.sh\n'}
[0.070291] (zoomba) StdoutLine: {'line': b'-- Up-to-date: /ros_ws/install/zoomba/share/zoomba/environment/ament_prefix_path.dsv\n'}
[0.070309] (zoomba) StdoutLine: {'line': b'-- Up-to-date: /ros_ws/install/zoomba/share/zoomba/environment/path.sh\n'}
[0.070326] (zoomba) StdoutLine: {'line': b'-- Up-to-date: /ros_ws/install/zoomba/share/zoomba/environment/path.dsv\n'}
[0.070344] (zoomba) StdoutLine: {'line': b'-- Up-to-date: /ros_ws/install/zoomba/share/zoomba/local_setup.bash\n'}
[0.070372] (zoomba) StdoutLine: {'line': b'-- Up-to-date: /ros_ws/install/zoomba/share/zoomba/local_setup.sh\n'}
[0.070388] (zoomba) StdoutLine: {'line': b'-- Up-to-date: /ros_ws/install/zoomba/share/zoomba/local_setup.zsh\n'}
[0.070404] (zoomba) StdoutLine: {'line': b'-- Up-to-date: /ros_ws/install/zoomba/share/zoomba/local_setup.dsv\n'}
[0.070419] (zoomba) StdoutLine: {'line': b'-- Installing: /ros_ws/install/zoomba/share/zoomba/package.dsv\n'}
[0.070453] (zoomba) StdoutLine: {'line': b'-- Up-to-date: /ros_ws/install/zoomba/share/ament_index/resource_index/packages/zoomba\n'}
[0.070477] (zoomba) StdoutLine: {'line': b'-- Up-to-date: /ros_ws/install/zoomba/share/zoomba/cmake/zoombaConfig.cmake\n'}
[0.070502] (zoomba) StdoutLine: {'line': b'-- Up-to-date: /ros_ws/install/zoomba/share/zoomba/cmake/zoombaConfig-version.cmake\n'}
[0.070528] (zoomba) StdoutLine: {'line': b'-- Up-to-date: /ros_ws/install/zoomba/share/zoomba/package.xml\n'}
[0.070990] (zoomba) CommandEnded: {'returncode': 0}
[0.080915] (zoomba) JobEnded: {'identifier': 'zoomba', 'rc': 0}
[0.081147] (-) EventReactorShutdown: {}
