-- Install configuration: ""
-- Installing: /ros_ws/install/zoomba/lib/zoomba/publisher.py
-- Installing: /ros_ws/install/zoomba/lib/zoomba/subscriber.py
-- Up-to-date: /ros_ws/install/zoomba/share/zoomba//launch
-- Up-to-date: /ros_ws/install/zoomba/share/zoomba//launch/sim.launch.py
-- Up-to-date: /ros_ws/install/zoomba/share/zoomba//urdf
-- Up-to-date: /ros_ws/install/zoomba/share/zoomba//urdf/zoomba.urdf.xacro
-- Up-to-date: /ros_ws/install/zoomba/share/zoomba//config
-- Up-to-date: /ros_ws/install/zoomba/share/zoomba//config/params.yaml
-- Up-to-date: /ros_ws/install/zoomba/share/zoomba//config/rviz.rviz
-- Up-to-date: /ros_ws/install/zoomba/share/ament_index/resource_index/package_run_dependencies/zoomba
-- Up-to-date: /ros_ws/install/zoomba/share/ament_index/resource_index/parent_prefix_path/zoomba
-- Up-to-date: /ros_ws/install/zoomba/share/zoomba/environment/ament_prefix_path.sh
-- Up-to-date: /ros_ws/install/zoomba/share/zoomba/environment/ament_prefix_path.dsv
-- Up-to-date: /ros_ws/install/zoomba/share/zoomba/environment/path.sh
-- Up-to-date: /ros_ws/install/zoomba/share/zoomba/environment/path.dsv
-- Up-to-date: /ros_ws/install/zoomba/share/zoomba/local_setup.bash
-- Up-to-date: /ros_ws/install/zoomba/share/zoomba/local_setup.sh
-- Up-to-date: /ros_ws/install/zoomba/share/zoomba/local_setup.zsh
-- Up-to-date: /ros_ws/install/zoomba/share/zoomba/local_setup.dsv
-- Up-to-date: /ros_ws/install/zoomba/share/zoomba/package.dsv
-- Up-to-date: /ros_ws/install/zoomba/share/ament_index/resource_index/packages/zoomba
-- Up-to-date: /ros_ws/install/zoomba/share/zoomba/cmake/zoombaConfig.cmake
-- Up-to-date: /ros_ws/install/zoomba/share/zoomba/cmake/zoombaConfig-version.cmake
-- Up-to-date: /ros_ws/install/zoomba/share/zoomba/package.xml
