[0.004s] Invoking command in '/ros_ws/build/zoomba': CMAKE_PREFIX_PATH=${CMAKE_PREFIX_PATH}:/opt/ros/humble /usr/bin/cmake --build /ros_ws/build/zoomba -- -j16 -l16
[0.017s] -- Found ament_cmake: 1.3.12 (/opt/ros/humble/share/ament_cmake/cmake)
[0.069s] -- Found rclcpp: 16.0.17 (/opt/ros/humble/share/rclcpp/cmake)
[0.082s] -- Found rosidl_generator_c: 3.1.8 (/opt/ros/humble/share/rosidl_generator_c/cmake)
[0.083s] -- Found rosidl_adapter: 3.1.8 (/opt/ros/humble/share/rosidl_adapter/cmake)
[0.085s] -- Found rosidl_generator_cpp: 3.1.8 (/opt/ros/humble/share/rosidl_generator_cpp/cmake)
[0.089s] -- Using all available rosidl_typesupport_c: rosidl_typesupport_fastrtps_c;rosidl_typesupport_introspection_c
[0.093s] -- Using all available rosidl_typesupport_cpp: rosidl_typesupport_fastrtps_cpp;rosidl_typesupport_introspection_cpp
[0.106s] -- Found rmw_implementation_cmake: 6.1.2 (/opt/ros/humble/share/rmw_implementation_cmake/cmake)
[0.106s] -- Found rmw_fastrtps_cpp: 6.2.9 (/opt/ros/humble/share/rmw_fastrtps_cpp/cmake)
[0.155s] -- Using RMW implementation 'rmw_fastrtps_cpp' as default
[0.175s] -- Found robot_state_publisher: 3.0.3 (/opt/ros/humble/share/robot_state_publisher/cmake)
[0.181s] -- Found eigen3_cmake_module: 0.1.1 (/opt/ros/humble/share/eigen3_cmake_module/cmake)
[0.182s] -- Ensuring Eigen3 include directory is part of orocos-kdl CMake target
[0.231s] -- Found xacro: 2.1.1 (/opt/ros/humble/share/xacro/cmake)
[0.231s] -- Found ament_lint_auto: 0.12.14 (/opt/ros/humble/share/ament_lint_auto/cmake)
[0.260s] -- Added test 'flake8' to check Python code syntax and style conventions
[0.260s] -- Added test 'lint_cmake' to check CMake code style
[0.260s] -- Added test 'pep257' to check Python code against some of the docstring style conventions in PEP 257
[0.261s] -- Added test 'xmllint' to check XML markup files
[0.261s] -- Configuring done
[0.263s] -- Generating done
[0.264s] -- Build files have been written to: /ros_ws/build/zoomba
[0.273s] Invoked command in '/ros_ws/build/zoomba' returned '0': CMAKE_PREFIX_PATH=${CMAKE_PREFIX_PATH}:/opt/ros/humble /usr/bin/cmake --build /ros_ws/build/zoomba -- -j16 -l16
[0.277s] Invoking command in '/ros_ws/build/zoomba': CMAKE_PREFIX_PATH=${CMAKE_PREFIX_PATH}:/opt/ros/humble /usr/bin/cmake --install /ros_ws/build/zoomba
[0.279s] -- Install configuration: ""
[0.279s] -- Installing: /ros_ws/install/zoomba/lib/zoomba/publisher.py
[0.279s] -- Installing: /ros_ws/install/zoomba/lib/zoomba/subscriber.py
[0.279s] -- Up-to-date: /ros_ws/install/zoomba/share/zoomba//launch
[0.279s] -- Installing: /ros_ws/install/zoomba/share/zoomba//launch/sim.launch.py
[0.279s] -- Up-to-date: /ros_ws/install/zoomba/share/zoomba//urdf
[0.279s] -- Up-to-date: /ros_ws/install/zoomba/share/zoomba//urdf/zoomba.urdf.xacro
[0.279s] -- Up-to-date: /ros_ws/install/zoomba/share/zoomba//config
[0.279s] -- Installing: /ros_ws/install/zoomba/share/zoomba//config/params.yaml
[0.279s] -- Up-to-date: /ros_ws/install/zoomba/share/zoomba//config/rviz.rviz
[0.279s] -- Up-to-date: /ros_ws/install/zoomba/share/ament_index/resource_index/package_run_dependencies/zoomba
[0.279s] -- Up-to-date: /ros_ws/install/zoomba/share/ament_index/resource_index/parent_prefix_path/zoomba
[0.279s] -- Up-to-date: /ros_ws/install/zoomba/share/zoomba/environment/ament_prefix_path.sh
[0.279s] -- Installing: /ros_ws/install/zoomba/share/zoomba/environment/ament_prefix_path.dsv
[0.279s] -- Up-to-date: /ros_ws/install/zoomba/share/zoomba/environment/path.sh
[0.279s] -- Installing: /ros_ws/install/zoomba/share/zoomba/environment/path.dsv
[0.279s] -- Up-to-date: /ros_ws/install/zoomba/share/zoomba/local_setup.bash
[0.279s] -- Up-to-date: /ros_ws/install/zoomba/share/zoomba/local_setup.sh
[0.279s] -- Up-to-date: /ros_ws/install/zoomba/share/zoomba/local_setup.zsh
[0.279s] -- Installing: /ros_ws/install/zoomba/share/zoomba/local_setup.dsv
[0.279s] -- Installing: /ros_ws/install/zoomba/share/zoomba/package.dsv
[0.279s] -- Up-to-date: /ros_ws/install/zoomba/share/ament_index/resource_index/packages/zoomba
[0.279s] -- Up-to-date: /ros_ws/install/zoomba/share/zoomba/cmake/zoombaConfig.cmake
[0.279s] -- Up-to-date: /ros_ws/install/zoomba/share/zoomba/cmake/zoombaConfig-version.cmake
[0.279s] -- Installing: /ros_ws/install/zoomba/share/zoomba/package.xml
[0.280s] Invoked command in '/ros_ws/build/zoomba' returned '0': CMAKE_PREFIX_PATH=${CMAKE_PREFIX_PATH}:/opt/ros/humble /usr/bin/cmake --install /ros_ws/build/zoomba
