[0.005s] Invoking command in '/ros_ws/build/zoomba': CMAKE_PREFIX_PATH=${CMAKE_PREFIX_PATH}:/opt/ros/humble /usr/bin/cmake --build /ros_ws/build/zoomba -- -j16 -l16
[0.017s] -- Found ament_cmake: 1.3.12 (/opt/ros/humble/share/ament_cmake/cmake)
[0.070s] -- Found rclcpp: 16.0.17 (/opt/ros/humble/share/rclcpp/cmake)
[0.081s] -- Found rosidl_generator_c: 3.1.8 (/opt/ros/humble/share/rosidl_generator_c/cmake)
[0.082s] -- Found rosidl_adapter: 3.1.8 (/opt/ros/humble/share/rosidl_adapter/cmake)
[0.085s] -- Found rosidl_generator_cpp: 3.1.8 (/opt/ros/humble/share/rosidl_generator_cpp/cmake)
[0.089s] -- Using all available rosidl_typesupport_c: rosidl_typesupport_fastrtps_c;rosidl_typesupport_introspection_c
[0.093s] -- Using all available rosidl_typesupport_cpp: rosidl_typesupport_fastrtps_cpp;rosidl_typesupport_introspection_cpp
[0.106s] -- Found rmw_implementation_cmake: 6.1.2 (/opt/ros/humble/share/rmw_implementation_cmake/cmake)
[0.106s] -- Found rmw_fastrtps_cpp: 6.2.9 (/opt/ros/humble/share/rmw_fastrtps_cpp/cmake)
[0.156s] -- Using RMW implementation 'rmw_fastrtps_cpp' as default
[0.175s] -- Found robot_state_publisher: 3.0.3 (/opt/ros/humble/share/robot_state_publisher/cmake)
[0.181s] -- Found eigen3_cmake_module: 0.1.1 (/opt/ros/humble/share/eigen3_cmake_module/cmake)
[0.181s] -- Ensuring Eigen3 include directory is part of orocos-kdl CMake target
[0.232s] -- Found xacro: 2.1.1 (/opt/ros/humble/share/xacro/cmake)
[0.232s] -- Found ament_lint_auto: 0.12.14 (/opt/ros/humble/share/ament_lint_auto/cmake)
[0.261s] -- Added test 'cppcheck' to perform static code analysis on C / C++ code
[0.261s] -- Configured cppcheck include dirs: 
[0.261s] -- Configured cppcheck exclude dirs and/or files: 
[0.261s] -- Added test 'flake8' to check Python code syntax and style conventions
[0.261s] -- Added test 'lint_cmake' to check CMake code style
[0.261s] -- Added test 'pep257' to check Python code against some of the docstring style conventions in PEP 257
[0.261s] -- Added test 'uncrustify' to check C / C++ code style
[0.261s] -- Configured uncrustify additional arguments: 
[0.262s] -- Added test 'xmllint' to check XML markup files
[0.262s] -- Configuring done
[0.263s] [31mCMake Error at CMakeLists.txt:29 (add_dependencies):
[0.263s]   The dependency target "beginner_tutorials_generate_messages_cpp" of target
[0.263s]   "talker" does not exist.
[0.263s] 
[0.263s] [0m
[0.263s] [31mCMake Error at CMakeLists.txt:33 (add_dependencies):
[0.263s]   The dependency target "beginner_tutorials_generate_messages_cpp" of target
[0.263s]   "listener" does not exist.
[0.263s] 
[0.263s] [0m
[0.265s] -- Generating done
[0.265s] [0mCMake Generate step failed.  Build files cannot be regenerated correctly.[0m
[0.267s] gmake: *** [Makefile:226: cmake_check_build_system] Error 1
[0.268s] Invoked command in '/ros_ws/build/zoomba' returned '2': CMAKE_PREFIX_PATH=${CMAKE_PREFIX_PATH}:/opt/ros/humble /usr/bin/cmake --build /ros_ws/build/zoomba -- -j16 -l16
