[0.000000] (-) TimerEvent: {}
[0.000307] (zoomba) JobQueued: {'identifier': 'zoomba', 'dependencies': OrderedDict()}
[0.000343] (zoomba) JobStarted: {'identifier': 'zoomba'}
[0.004158] (zoomba) JobProgress: {'identifier': 'zoomba', 'progress': 'cmake'}
[0.004312] (zoomba) Command: {'cmd': ['/usr/bin/cmake', '/ros_ws/src/zoomba', '-DCMAKE_INSTALL_PREFIX=/ros_ws/install/zoomba'], 'cwd': '/ros_ws/build/zoomba', 'env': OrderedDict([('HOSTNAME', 'aidan-Linux'), ('SHLVL', '1'), ('LD_LIBRARY_PATH', '/opt/ros/humble/opt/rviz_ogre_vendor/lib:/opt/ros/humble/lib/x86_64-linux-gnu:/opt/ros/humble/lib'), ('HOME', '/home/ros'), ('OLDPWD', '/'), ('ROS_PYTHON_VERSION', '3'), ('WAYLAND_DISPLAY', ''), ('COLCON_PREFIX_PATH', '/ros_ws/install'), ('ROS_DISTRO', 'humble'), ('_', '/usr/bin/colcon'), ('ROS_VERSION', '2'), ('TERM', 'xterm'), ('ROS_LOCALHOST_ONLY', '0'), ('QT_X11_NO_MITSHM', '1'), ('PATH', '/opt/ros/humble/bin:/usr/local/sbin:/usr/local/bin:/usr/sbin:/usr/bin:/sbin:/bin'), ('XDG_RUNTIME_DIR', '/run/user/1000'), ('DISPLAY', ':1'), ('LANG', 'C.UTF-8'), ('AMENT_PREFIX_PATH', '/ros_ws/install/zoomba:/opt/ros/humble'), ('PWD', '/ros_ws/build/zoomba'), ('LC_ALL', 'C.UTF-8'), ('PYTHONPATH', '/opt/ros/humble/lib/python3.10/site-packages:/opt/ros/humble/local/lib/python3.10/dist-packages'), ('COLCON', '1'), ('CMAKE_PREFIX_PATH', '/ros_ws/install/zoomba:/opt/ros/humble')]), 'shell': False}
[0.028512] (zoomba) StdoutLine: {'line': b'-- The C compiler identification is GNU 11.4.0\n'}
[0.050998] (zoomba) StdoutLine: {'line': b'-- The CXX compiler identification is GNU 11.4.0\n'}
[0.053872] (zoomba) StdoutLine: {'line': b'-- Detecting C compiler ABI info\n'}
[0.079687] (zoomba) StdoutLine: {'line': b'-- Detecting C compiler ABI info - done\n'}
[0.082666] (zoomba) StdoutLine: {'line': b'-- Check for working C compiler: /usr/bin/cc - skipped\n'}
[0.082798] (zoomba) StdoutLine: {'line': b'-- Detecting C compile features\n'}
[0.082968] (zoomba) StdoutLine: {'line': b'-- Detecting C compile features - done\n'}
[0.084237] (zoomba) StdoutLine: {'line': b'-- Detecting CXX compiler ABI info\n'}
[0.099909] (-) TimerEvent: {}
[0.113372] (zoomba) StdoutLine: {'line': b'-- Detecting CXX compiler ABI info - done\n'}
[0.116453] (zoomba) StdoutLine: {'line': b'-- Check for working CXX compiler: /usr/bin/c++ - skipped\n'}
[0.116577] (zoomba) StdoutLine: {'line': b'-- Detecting CXX compile features\n'}
[0.116776] (zoomba) StdoutLine: {'line': b'-- Detecting CXX compile features - done\n'}
[0.118104] (zoomba) StdoutLine: {'line': b'-- Found ament_cmake: 1.3.12 (/opt/ros/humble/share/ament_cmake/cmake)\n'}
[0.180331] (zoomba) StdoutLine: {'line': b'-- Found Python3: /usr/bin/python3 (found version "3.10.12") found components: Interpreter \n'}
[0.199972] (-) TimerEvent: {}
[0.219232] (zoomba) StdoutLine: {'line': b'-- Found rclcpp: 16.0.17 (/opt/ros/humble/share/rclcpp/cmake)\n'}
[0.237232] (zoomba) StdoutLine: {'line': b'-- Found rosidl_generator_c: 3.1.8 (/opt/ros/humble/share/rosidl_generator_c/cmake)\n'}
[0.239467] (zoomba) StdoutLine: {'line': b'-- Found rosidl_adapter: 3.1.8 (/opt/ros/humble/share/rosidl_adapter/cmake)\n'}
[0.243291] (zoomba) StdoutLine: {'line': b'-- Found rosidl_generator_cpp: 3.1.8 (/opt/ros/humble/share/rosidl_generator_cpp/cmake)\n'}
[0.250050] (zoomba) StdoutLine: {'line': b'-- Using all available rosidl_typesupport_c: rosidl_typesupport_fastrtps_c;rosidl_typesupport_introspection_c\n'}
[0.257199] (zoomba) StdoutLine: {'line': b'-- Using all available rosidl_typesupport_cpp: rosidl_typesupport_fastrtps_cpp;rosidl_typesupport_introspection_cpp\n'}
[0.276191] (zoomba) StdoutLine: {'line': b'-- Found rmw_implementation_cmake: 6.1.2 (/opt/ros/humble/share/rmw_implementation_cmake/cmake)\n'}
[0.277344] (zoomba) StdoutLine: {'line': b'-- Found rmw_fastrtps_cpp: 6.2.9 (/opt/ros/humble/share/rmw_fastrtps_cpp/cmake)\n'}
[0.300032] (-) TimerEvent: {}
[0.312527] (zoomba) StdoutLine: {'line': b'-- Found OpenSSL: /usr/lib/x86_64-linux-gnu/libcrypto.so (found version "3.0.2")  \n'}
[0.325337] (zoomba) StdoutLine: {'line': b'-- Found FastRTPS: /opt/ros/humble/include  \n'}
[0.345975] (zoomba) StdoutLine: {'line': b"-- Using RMW implementation 'rmw_fastrtps_cpp' as default\n"}
[0.349825] (zoomba) StdoutLine: {'line': b'-- Looking for pthread.h\n'}
[0.386338] (zoomba) StdoutLine: {'line': b'-- Looking for pthread.h - found\n'}
[0.386483] (zoomba) StdoutLine: {'line': b'-- Performing Test CMAKE_HAVE_LIBC_PTHREAD\n'}
[0.400093] (-) TimerEvent: {}
[0.412976] (zoomba) StdoutLine: {'line': b'-- Performing Test CMAKE_HAVE_LIBC_PTHREAD - Success\n'}
[0.413452] (zoomba) StdoutLine: {'line': b'-- Found Threads: TRUE  \n'}
[0.435321] (zoomba) StdoutLine: {'line': b'-- Found robot_state_publisher: 3.0.3 (/opt/ros/humble/share/robot_state_publisher/cmake)\n'}
[0.448631] (zoomba) StdoutLine: {'line': b'-- Found eigen3_cmake_module: 0.1.1 (/opt/ros/humble/share/eigen3_cmake_module/cmake)\n'}
[0.449216] (zoomba) StdoutLine: {'line': b'-- Found Eigen3: TRUE (found version "3.4.0") \n'}
[0.449250] (zoomba) StdoutLine: {'line': b'-- Ensuring Eigen3 include directory is part of orocos-kdl CMake target\n'}
[0.500153] (-) TimerEvent: {}
[0.515467] (zoomba) StdoutLine: {'line': b'-- Found xacro: 2.1.1 (/opt/ros/humble/share/xacro/cmake)\n'}
[0.516195] (zoomba) StdoutLine: {'line': b'-- Found ament_lint_auto: 0.12.14 (/opt/ros/humble/share/ament_lint_auto/cmake)\n'}
[0.549554] (zoomba) StdoutLine: {'line': b"-- Added test 'cppcheck' to perform static code analysis on C / C++ code\n"}
[0.549609] (zoomba) StdoutLine: {'line': b'-- Configured cppcheck include dirs: \n'}
[0.549633] (zoomba) StdoutLine: {'line': b'-- Configured cppcheck exclude dirs and/or files: \n'}
[0.549801] (zoomba) StdoutLine: {'line': b"-- Added test 'flake8' to check Python code syntax and style conventions\n"}
[0.550013] (zoomba) StdoutLine: {'line': b"-- Added test 'lint_cmake' to check CMake code style\n"}
[0.550179] (zoomba) StdoutLine: {'line': b"-- Added test 'pep257' to check Python code against some of the docstring style conventions in PEP 257\n"}
[0.550563] (zoomba) StdoutLine: {'line': b"-- Added test 'uncrustify' to check C / C++ code style\n"}
[0.550588] (zoomba) StdoutLine: {'line': b'-- Configured uncrustify additional arguments: \n'}
[0.550745] (zoomba) StdoutLine: {'line': b"-- Added test 'xmllint' to check XML markup files\n"}
[0.551159] (zoomba) StdoutLine: {'line': b'-- Configuring done\n'}
[0.553614] (zoomba) StdoutLine: {'line': b'-- Generating done\n'}
[0.554520] (zoomba) StdoutLine: {'line': b'-- Build files have been written to: /ros_ws/build/zoomba\n'}
[0.558518] (zoomba) CommandEnded: {'returncode': 0}
[0.558762] (zoomba) JobProgress: {'identifier': 'zoomba', 'progress': 'build'}
[0.559177] (zoomba) Command: {'cmd': ['/usr/bin/cmake', '--build', '/ros_ws/build/zoomba', '--', '-j16', '-l16'], 'cwd': '/ros_ws/build/zoomba', 'env': OrderedDict([('HOSTNAME', 'aidan-Linux'), ('SHLVL', '1'), ('LD_LIBRARY_PATH', '/opt/ros/humble/opt/rviz_ogre_vendor/lib:/opt/ros/humble/lib/x86_64-linux-gnu:/opt/ros/humble/lib'), ('HOME', '/home/ros'), ('OLDPWD', '/'), ('ROS_PYTHON_VERSION', '3'), ('WAYLAND_DISPLAY', ''), ('COLCON_PREFIX_PATH', '/ros_ws/install'), ('ROS_DISTRO', 'humble'), ('_', '/usr/bin/colcon'), ('ROS_VERSION', '2'), ('TERM', 'xterm'), ('ROS_LOCALHOST_ONLY', '0'), ('QT_X11_NO_MITSHM', '1'), ('PATH', '/opt/ros/humble/bin:/usr/local/sbin:/usr/local/bin:/usr/sbin:/usr/bin:/sbin:/bin'), ('XDG_RUNTIME_DIR', '/run/user/1000'), ('DISPLAY', ':1'), ('LANG', 'C.UTF-8'), ('AMENT_PREFIX_PATH', '/ros_ws/install/zoomba:/opt/ros/humble'), ('PWD', '/ros_ws/build/zoomba'), ('LC_ALL', 'C.UTF-8'), ('PYTHONPATH', '/opt/ros/humble/lib/python3.10/site-packages:/opt/ros/humble/local/lib/python3.10/dist-packages'), ('COLCON', '1'), ('CMAKE_PREFIX_PATH', '/ros_ws/install/zoomba:/opt/ros/humble')]), 'shell': False}
[0.574686] (zoomba) CommandEnded: {'returncode': 0}
[0.574907] (zoomba) JobProgress: {'identifier': 'zoomba', 'progress': 'install'}
[0.577934] (zoomba) Command: {'cmd': ['/usr/bin/cmake', '--install', '/ros_ws/build/zoomba'], 'cwd': '/ros_ws/build/zoomba', 'env': OrderedDict([('HOSTNAME', 'aidan-Linux'), ('SHLVL', '1'), ('LD_LIBRARY_PATH', '/opt/ros/humble/opt/rviz_ogre_vendor/lib:/opt/ros/humble/lib/x86_64-linux-gnu:/opt/ros/humble/lib'), ('HOME', '/home/ros'), ('OLDPWD', '/'), ('ROS_PYTHON_VERSION', '3'), ('WAYLAND_DISPLAY', ''), ('COLCON_PREFIX_PATH', '/ros_ws/install'), ('ROS_DISTRO', 'humble'), ('_', '/usr/bin/colcon'), ('ROS_VERSION', '2'), ('TERM', 'xterm'), ('ROS_LOCALHOST_ONLY', '0'), ('QT_X11_NO_MITSHM', '1'), ('PATH', '/opt/ros/humble/bin:/usr/local/sbin:/usr/local/bin:/usr/sbin:/usr/bin:/sbin:/bin'), ('XDG_RUNTIME_DIR', '/run/user/1000'), ('DISPLAY', ':1'), ('LANG', 'C.UTF-8'), ('AMENT_PREFIX_PATH', '/ros_ws/install/zoomba:/opt/ros/humble'), ('PWD', '/ros_ws/build/zoomba'), ('LC_ALL', 'C.UTF-8'), ('PYTHONPATH', '/opt/ros/humble/lib/python3.10/site-packages:/opt/ros/humble/local/lib/python3.10/dist-packages'), ('COLCON', '1'), ('CMAKE_PREFIX_PATH', '/ros_ws/install/zoomba:/opt/ros/humble')]), 'shell': False}
[0.580426] (zoomba) StdoutLine: {'line': b'-- Install configuration: ""\n'}
[0.580488] (zoomba) StdoutLine: {'line': b'-- Up-to-date: /ros_ws/install/zoomba/share/zoomba//launch\n'}
[0.580514] (zoomba) StdoutLine: {'line': b'-- Up-to-date: /ros_ws/install/zoomba/share/zoomba//launch/sim.launch.py\n'}
[0.580544] (zoomba) StdoutLine: {'line': b'-- Up-to-date: /ros_ws/install/zoomba/share/zoomba//urdf\n'}
[0.580578] (zoomba) StdoutLine: {'line': b'-- Up-to-date: /ros_ws/install/zoomba/share/zoomba//urdf/zoomba.urdf.xacro\n'}
[0.580599] (zoomba) StdoutLine: {'line': b'-- Up-to-date: /ros_ws/install/zoomba/share/zoomba//config\n'}
[0.580620] (zoomba) StdoutLine: {'line': b'-- Up-to-date: /ros_ws/install/zoomba/share/zoomba//config/params.yaml\n'}
[0.580639] (zoomba) StdoutLine: {'line': b'-- Installing: /ros_ws/install/zoomba/share/zoomba//config/rviz.rviz\n'}
[0.580665] (zoomba) StdoutLine: {'line': b'-- Installing: /ros_ws/install/zoomba/share/ament_index/resource_index/package_run_dependencies/zoomba\n'}
[0.580692] (zoomba) StdoutLine: {'line': b'-- Installing: /ros_ws/install/zoomba/share/ament_index/resource_index/parent_prefix_path/zoomba\n'}
[0.580719] (zoomba) StdoutLine: {'line': b'-- Up-to-date: /ros_ws/install/zoomba/share/zoomba/environment/ament_prefix_path.sh\n'}
[0.580746] (zoomba) StdoutLine: {'line': b'-- Installing: /ros_ws/install/zoomba/share/zoomba/environment/ament_prefix_path.dsv\n'}
[0.580776] (zoomba) StdoutLine: {'line': b'-- Up-to-date: /ros_ws/install/zoomba/share/zoomba/environment/path.sh\n'}
[0.580806] (zoomba) StdoutLine: {'line': b'-- Installing: /ros_ws/install/zoomba/share/zoomba/environment/path.dsv\n'}
[0.580832] (zoomba) StdoutLine: {'line': b'-- Installing: /ros_ws/install/zoomba/share/zoomba/local_setup.bash\n'}
[0.580875] (zoomba) StdoutLine: {'line': b'-- Installing: /ros_ws/install/zoomba/share/zoomba/local_setup.sh\n'}
[0.580919] (zoomba) StdoutLine: {'line': b'-- Installing: /ros_ws/install/zoomba/share/zoomba/local_setup.zsh\n'}
[0.580960] (zoomba) StdoutLine: {'line': b'-- Installing: /ros_ws/install/zoomba/share/zoomba/local_setup.dsv\n'}
[0.580999] (zoomba) StdoutLine: {'line': b'-- Installing: /ros_ws/install/zoomba/share/zoomba/package.dsv\n'}
[0.581043] (zoomba) StdoutLine: {'line': b'-- Installing: /ros_ws/install/zoomba/share/ament_index/resource_index/packages/zoomba\n'}
[0.581085] (zoomba) StdoutLine: {'line': b'-- Installing: /ros_ws/install/zoomba/share/zoomba/cmake/zoombaConfig.cmake\n'}
[0.581121] (zoomba) StdoutLine: {'line': b'-- Installing: /ros_ws/install/zoomba/share/zoomba/cmake/zoombaConfig-version.cmake\n'}
[0.581164] (zoomba) StdoutLine: {'line': b'-- Up-to-date: /ros_ws/install/zoomba/share/zoomba/package.xml\n'}
[0.581669] (zoomba) CommandEnded: {'returncode': 0}
[0.588989] (zoomba) JobEnded: {'identifier': 'zoomba', 'rc': 0}
[0.589293] (-) EventReactorShutdown: {}
