[0.000000] (-) TimerEvent: {}
[0.000249] (zoomba) JobQueued: {'identifier': 'zoomba', 'dependencies': OrderedDict()}
[0.000363] (zoomba) JobStarted: {'identifier': 'zoomba'}
[0.004297] (zoomba) JobProgress: {'identifier': 'zoomba', 'progress': 'cmake'}
[0.004532] (zoomba) JobProgress: {'identifier': 'zoomba', 'progress': 'build'}
[0.004819] (zoomba) Command: {'cmd': ['/usr/bin/cmake', '--build', '/ros_ws/build/zoomba', '--', '-j16', '-l16'], 'cwd': '/ros_ws/build/zoomba', 'env': OrderedDict([('HOSTNAME', 'aidan-Linux'), ('SHLVL', '1'), ('LD_LIBRARY_PATH', '/opt/ros/humble/opt/rviz_ogre_vendor/lib:/opt/ros/humble/lib/x86_64-linux-gnu:/opt/ros/humble/lib'), ('HOME', '/home/ros'), ('OLDPWD', '/'), ('ROS_PYTHON_VERSION', '3'), ('WAYLAND_DISPLAY', ''), ('COLCON_PREFIX_PATH', '/ros_ws/install'), ('ROS_DISTRO', 'humble'), ('_', '/usr/bin/colcon'), ('ROS_VERSION', '2'), ('TERM', 'xterm'), ('ROS_LOCALHOST_ONLY', '0'), ('QT_X11_NO_MITSHM', '1'), ('PATH', '/opt/ros/humble/bin:/usr/local/sbin:/usr/local/bin:/usr/sbin:/usr/bin:/sbin:/bin'), ('XDG_RUNTIME_DIR', '/run/user/1000'), ('DISPLAY', ':1'), ('LANG', 'C.UTF-8'), ('AMENT_PREFIX_PATH', '/ros_ws/install/zoomba:/opt/ros/humble'), ('PWD', '/ros_ws/build/zoomba'), ('LC_ALL', 'C.UTF-8'), ('PYTHONPATH', '/opt/ros/humble/lib/python3.10/site-packages:/opt/ros/humble/local/lib/python3.10/dist-packages'), ('COLCON', '1'), ('CMAKE_PREFIX_PATH', '/ros_ws/install/zoomba:/opt/ros/humble')]), 'shell': False}
[0.017660] (zoomba) StdoutLine: {'line': b'-- Found ament_cmake: 1.3.12 (/opt/ros/humble/share/ament_cmake/cmake)\n'}
[0.071770] (zoomba) StdoutLine: {'line': b'-- Found rclcpp: 16.0.17 (/opt/ros/humble/share/rclcpp/cmake)\n'}
[0.083425] (zoomba) StdoutLine: {'line': b'-- Found rosidl_generator_c: 3.1.8 (/opt/ros/humble/share/rosidl_generator_c/cmake)\n'}
[0.084390] (zoomba) StdoutLine: {'line': b'-- Found rosidl_adapter: 3.1.8 (/opt/ros/humble/share/rosidl_adapter/cmake)\n'}
[0.087073] (zoomba) StdoutLine: {'line': b'-- Found rosidl_generator_cpp: 3.1.8 (/opt/ros/humble/share/rosidl_generator_cpp/cmake)\n'}
[0.090726] (zoomba) StdoutLine: {'line': b'-- Using all available rosidl_typesupport_c: rosidl_typesupport_fastrtps_c;rosidl_typesupport_introspection_c\n'}
[0.095769] (zoomba) StdoutLine: {'line': b'-- Using all available rosidl_typesupport_cpp: rosidl_typesupport_fastrtps_cpp;rosidl_typesupport_introspection_cpp\n'}
[0.099895] (-) TimerEvent: {}
[0.108496] (zoomba) StdoutLine: {'line': b'-- Found rmw_implementation_cmake: 6.1.2 (/opt/ros/humble/share/rmw_implementation_cmake/cmake)\n'}
[0.109009] (zoomba) StdoutLine: {'line': b'-- Found rmw_fastrtps_cpp: 6.2.9 (/opt/ros/humble/share/rmw_fastrtps_cpp/cmake)\n'}
[0.157942] (zoomba) StdoutLine: {'line': b"-- Using RMW implementation 'rmw_fastrtps_cpp' as default\n"}
[0.177007] (zoomba) StdoutLine: {'line': b'-- Found robot_state_publisher: 3.0.3 (/opt/ros/humble/share/robot_state_publisher/cmake)\n'}
[0.183254] (zoomba) StdoutLine: {'line': b'-- Found eigen3_cmake_module: 0.1.1 (/opt/ros/humble/share/eigen3_cmake_module/cmake)\n'}
[0.183823] (zoomba) StdoutLine: {'line': b'-- Ensuring Eigen3 include directory is part of orocos-kdl CMake target\n'}
[0.199951] (-) TimerEvent: {}
[0.233607] (zoomba) StdoutLine: {'line': b'-- Found xacro: 2.1.1 (/opt/ros/humble/share/xacro/cmake)\n'}
[0.234358] (zoomba) StdoutLine: {'line': b'-- Found ament_lint_auto: 0.12.14 (/opt/ros/humble/share/ament_lint_auto/cmake)\n'}
[0.262460] (zoomba) StdoutLine: {'line': b"-- Added test 'flake8' to check Python code syntax and style conventions\n"}
[0.262624] (zoomba) StdoutLine: {'line': b"-- Added test 'lint_cmake' to check CMake code style\n"}
[0.262769] (zoomba) StdoutLine: {'line': b"-- Added test 'pep257' to check Python code against some of the docstring style conventions in PEP 257\n"}
[0.263163] (zoomba) StdoutLine: {'line': b"-- Added test 'xmllint' to check XML markup files\n"}
[0.263413] (zoomba) StdoutLine: {'line': b'-- Configuring done\n'}
[0.264653] (zoomba) StderrLine: {'line': b'\x1b[31mCMake Error at CMakeLists.txt:15 (add_executable):\n'}
[0.264714] (zoomba) StderrLine: {'line': b'  Cannot find source file:\n'}
[0.264742] (zoomba) StderrLine: {'line': b'\n'}
[0.264761] (zoomba) StderrLine: {'line': b'    src/publisher.cpp\n'}
[0.264779] (zoomba) StderrLine: {'line': b'\n'}
[0.264796] (zoomba) StderrLine: {'line': b'  Tried extensions .c .C .c++ .cc .cpp .cxx .cu .mpp .m .M .mm .ixx .cppm .h\n'}
[0.264813] (zoomba) StderrLine: {'line': b'  .hh .h++ .hm .hpp .hxx .in .txx .f .F .for .f77 .f90 .f95 .f03 .hip .ispc\n'}
[0.264830] (zoomba) StderrLine: {'line': b'\n'}
[0.264851] (zoomba) StderrLine: {'line': b'\x1b[0m\n'}
[0.264912] (zoomba) StderrLine: {'line': b'\x1b[31mCMake Error at CMakeLists.txt:18 (add_executable):\n'}
[0.264932] (zoomba) StderrLine: {'line': b'  Cannot find source file:\n'}
[0.264949] (zoomba) StderrLine: {'line': b'\n'}
[0.264966] (zoomba) StderrLine: {'line': b'    src/subscriber.cpp\n'}
[0.264982] (zoomba) StderrLine: {'line': b'\n'}
[0.265022] (zoomba) StderrLine: {'line': b'  Tried extensions .c .C .c++ .cc .cpp .cxx .cu .mpp .m .M .mm .ixx .cppm .h\n'}
[0.265040] (zoomba) StderrLine: {'line': b'  .hh .h++ .hm .hpp .hxx .in .txx .f .F .for .f77 .f90 .f95 .f03 .hip .ispc\n'}
[0.265056] (zoomba) StderrLine: {'line': b'\n'}
[0.265072] (zoomba) StderrLine: {'line': b'\x1b[0m\n'}
[0.265088] (zoomba) StderrLine: {'line': b'\x1b[31mCMake Error at CMakeLists.txt:15 (add_executable):\n'}
[0.265104] (zoomba) StderrLine: {'line': b'  No SOURCES given to target: talker\n'}
[0.265119] (zoomba) StderrLine: {'line': b'\n'}
[0.265135] (zoomba) StderrLine: {'line': b'\x1b[0m\n'}
[0.265153] (zoomba) StderrLine: {'line': b'\x1b[31mCMake Error at CMakeLists.txt:18 (add_executable):\n'}
[0.265172] (zoomba) StderrLine: {'line': b'  No SOURCES given to target: listener\n'}
[0.265189] (zoomba) StderrLine: {'line': b'\n'}
[0.265206] (zoomba) StderrLine: {'line': b'\x1b[0m\n'}
[0.265222] (zoomba) StderrLine: {'line': b'\x1b[0mCMake Generate step failed.  Build files cannot be regenerated correctly.\x1b[0m\n'}
[0.267212] (zoomba) StderrLine: {'line': b'gmake: *** [Makefile:226: cmake_check_build_system] Error 1\n'}
[0.268166] (zoomba) CommandEnded: {'returncode': 2}
[0.273023] (zoomba) JobEnded: {'identifier': 'zoomba', 'rc': 2}
[0.283220] (-) EventReactorShutdown: {}
