[0.000000] (-) TimerEvent: {}
[0.000105] (zoomba) JobQueued: {'identifier': 'zoomba', 'dependencies': OrderedDict()}
[0.000199] (zoomba) JobStarted: {'identifier': 'zoomba'}
[0.003901] (zoomba) JobProgress: {'identifier': 'zoomba', 'progress': 'cmake'}
[0.004110] (zoomba) JobProgress: {'identifier': 'zoomba', 'progress': 'build'}
[0.004381] (zoomba) Command: {'cmd': ['/usr/bin/cmake', '--build', '/ros_ws/build/zoomba', '--', '-j16', '-l16'], 'cwd': '/ros_ws/build/zoomba', 'env': OrderedDict([('HOSTNAME', 'aidan-Linux'), ('SHLVL', '1'), ('LD_LIBRARY_PATH', '/opt/ros/humble/opt/rviz_ogre_vendor/lib:/opt/ros/humble/lib/x86_64-linux-gnu:/opt/ros/humble/lib'), ('HOME', '/home/ros'), ('OLDPWD', '/'), ('ROS_PYTHON_VERSION', '3'), ('WAYLAND_DISPLAY', ''), ('COLCON_PREFIX_PATH', '/ros_ws/install'), ('ROS_DISTRO', 'humble'), ('_', '/usr/bin/colcon'), ('ROS_VERSION', '2'), ('TERM', 'xterm'), ('ROS_LOCALHOST_ONLY', '0'), ('QT_X11_NO_MITSHM', '1'), ('PATH', '/opt/ros/humble/bin:/usr/local/sbin:/usr/local/bin:/usr/sbin:/usr/bin:/sbin:/bin'), ('XDG_RUNTIME_DIR', '/run/user/1000'), ('DISPLAY', ':1'), ('LANG', 'C.UTF-8'), ('AMENT_PREFIX_PATH', '/ros_ws/install/zoomba:/opt/ros/humble'), ('PWD', '/ros_ws/build/zoomba'), ('LC_ALL', 'C.UTF-8'), ('PYTHONPATH', '/opt/ros/humble/lib/python3.10/site-packages:/opt/ros/humble/local/lib/python3.10/dist-packages'), ('COLCON', '1'), ('CMAKE_PREFIX_PATH', '/ros_ws/install/zoomba:/opt/ros/humble')]), 'shell': False}
[0.017227] (zoomba) StdoutLine: {'line': b'-- Found ament_cmake: 1.3.12 (/opt/ros/humble/share/ament_cmake/cmake)\n'}
[0.071329] (zoomba) StdoutLine: {'line': b'-- Found rclcpp: 16.0.17 (/opt/ros/humble/share/rclcpp/cmake)\n'}
[0.083256] (zoomba) StdoutLine: {'line': b'-- Found rosidl_generator_c: 3.1.8 (/opt/ros/humble/share/rosidl_generator_c/cmake)\n'}
[0.084195] (zoomba) StdoutLine: {'line': b'-- Found rosidl_adapter: 3.1.8 (/opt/ros/humble/share/rosidl_adapter/cmake)\n'}
[0.086559] (zoomba) StdoutLine: {'line': b'-- Found rosidl_generator_cpp: 3.1.8 (/opt/ros/humble/share/rosidl_generator_cpp/cmake)\n'}
[0.090608] (zoomba) StdoutLine: {'line': b'-- Using all available rosidl_typesupport_c: rosidl_typesupport_fastrtps_c;rosidl_typesupport_introspection_c\n'}
[0.095553] (zoomba) StdoutLine: {'line': b'-- Using all available rosidl_typesupport_cpp: rosidl_typesupport_fastrtps_cpp;rosidl_typesupport_introspection_cpp\n'}
[0.099941] (-) TimerEvent: {}
[0.108404] (zoomba) StdoutLine: {'line': b'-- Found rmw_implementation_cmake: 6.1.2 (/opt/ros/humble/share/rmw_implementation_cmake/cmake)\n'}
[0.109097] (zoomba) StdoutLine: {'line': b'-- Found rmw_fastrtps_cpp: 6.2.9 (/opt/ros/humble/share/rmw_fastrtps_cpp/cmake)\n'}
[0.159113] (zoomba) StdoutLine: {'line': b"-- Using RMW implementation 'rmw_fastrtps_cpp' as default\n"}
[0.179003] (zoomba) StdoutLine: {'line': b'-- Found robot_state_publisher: 3.0.3 (/opt/ros/humble/share/robot_state_publisher/cmake)\n'}
[0.185563] (zoomba) StdoutLine: {'line': b'-- Found eigen3_cmake_module: 0.1.1 (/opt/ros/humble/share/eigen3_cmake_module/cmake)\n'}
[0.186153] (zoomba) StdoutLine: {'line': b'-- Ensuring Eigen3 include directory is part of orocos-kdl CMake target\n'}
[0.200000] (-) TimerEvent: {}
[0.238271] (zoomba) StdoutLine: {'line': b'-- Found xacro: 2.1.1 (/opt/ros/humble/share/xacro/cmake)\n'}
[0.238458] (zoomba) StdoutLine: {'line': b'-- Found ament_lint_auto: 0.12.14 (/opt/ros/humble/share/ament_lint_auto/cmake)\n'}
[0.269248] (zoomba) StdoutLine: {'line': b"-- Added test 'flake8' to check Python code syntax and style conventions\n"}
[0.269481] (zoomba) StdoutLine: {'line': b"-- Added test 'lint_cmake' to check CMake code style\n"}
[0.269657] (zoomba) StdoutLine: {'line': b"-- Added test 'pep257' to check Python code against some of the docstring style conventions in PEP 257\n"}
[0.270249] (zoomba) StdoutLine: {'line': b"-- Added test 'xmllint' to check XML markup files\n"}
[0.270615] (zoomba) StdoutLine: {'line': b'-- Configuring done\n'}
[0.273240] (zoomba) StdoutLine: {'line': b'-- Generating done\n'}
[0.274222] (zoomba) StdoutLine: {'line': b'-- Build files have been written to: /ros_ws/build/zoomba\n'}
[0.284620] (zoomba) CommandEnded: {'returncode': 0}
[0.284894] (zoomba) JobProgress: {'identifier': 'zoomba', 'progress': 'install'}
[0.287851] (zoomba) Command: {'cmd': ['/usr/bin/cmake', '--install', '/ros_ws/build/zoomba'], 'cwd': '/ros_ws/build/zoomba', 'env': OrderedDict([('HOSTNAME', 'aidan-Linux'), ('SHLVL', '1'), ('LD_LIBRARY_PATH', '/opt/ros/humble/opt/rviz_ogre_vendor/lib:/opt/ros/humble/lib/x86_64-linux-gnu:/opt/ros/humble/lib'), ('HOME', '/home/ros'), ('OLDPWD', '/'), ('ROS_PYTHON_VERSION', '3'), ('WAYLAND_DISPLAY', ''), ('COLCON_PREFIX_PATH', '/ros_ws/install'), ('ROS_DISTRO', 'humble'), ('_', '/usr/bin/colcon'), ('ROS_VERSION', '2'), ('TERM', 'xterm'), ('ROS_LOCALHOST_ONLY', '0'), ('QT_X11_NO_MITSHM', '1'), ('PATH', '/opt/ros/humble/bin:/usr/local/sbin:/usr/local/bin:/usr/sbin:/usr/bin:/sbin:/bin'), ('XDG_RUNTIME_DIR', '/run/user/1000'), ('DISPLAY', ':1'), ('LANG', 'C.UTF-8'), ('AMENT_PREFIX_PATH', '/ros_ws/install/zoomba:/opt/ros/humble'), ('PWD', '/ros_ws/build/zoomba'), ('LC_ALL', 'C.UTF-8'), ('PYTHONPATH', '/opt/ros/humble/lib/python3.10/site-packages:/opt/ros/humble/local/lib/python3.10/dist-packages'), ('COLCON', '1'), ('CMAKE_PREFIX_PATH', '/ros_ws/install/zoomba:/opt/ros/humble')]), 'shell': False}
[0.290684] (zoomba) StdoutLine: {'line': b'-- Install configuration: ""\n'}
[0.290739] (zoomba) StdoutLine: {'line': b'-- Installing: /ros_ws/install/zoomba/lib/zoomba/publisher.py\n'}
[0.290785] (zoomba) StdoutLine: {'line': b'-- Installing: /ros_ws/install/zoomba/lib/zoomba/subscriber.py\n'}
[0.290837] (zoomba) StdoutLine: {'line': b'-- Up-to-date: /ros_ws/install/zoomba/share/zoomba//launch\n'}
[0.290865] (zoomba) StdoutLine: {'line': b'-- Installing: /ros_ws/install/zoomba/share/zoomba//launch/sim.launch.py\n'}
[0.290896] (zoomba) StdoutLine: {'line': b'-- Up-to-date: /ros_ws/install/zoomba/share/zoomba//urdf\n'}
[0.290923] (zoomba) StdoutLine: {'line': b'-- Up-to-date: /ros_ws/install/zoomba/share/zoomba//urdf/zoomba.urdf.xacro\n'}
[0.290958] (zoomba) StdoutLine: {'line': b'-- Up-to-date: /ros_ws/install/zoomba/share/zoomba//config\n'}
[0.290978] (zoomba) StdoutLine: {'line': b'-- Installing: /ros_ws/install/zoomba/share/zoomba//config/params.yaml\n'}
[0.291007] (zoomba) StdoutLine: {'line': b'-- Up-to-date: /ros_ws/install/zoomba/share/zoomba//config/rviz.rviz\n'}
[0.291028] (zoomba) StdoutLine: {'line': b'-- Up-to-date: /ros_ws/install/zoomba/share/ament_index/resource_index/package_run_dependencies/zoomba\n'}
[0.291056] (zoomba) StdoutLine: {'line': b'-- Up-to-date: /ros_ws/install/zoomba/share/ament_index/resource_index/parent_prefix_path/zoomba\n'}
[0.291074] (zoomba) StdoutLine: {'line': b'-- Up-to-date: /ros_ws/install/zoomba/share/zoomba/environment/ament_prefix_path.sh\n'}
[0.291093] (zoomba) StdoutLine: {'line': b'-- Installing: /ros_ws/install/zoomba/share/zoomba/environment/ament_prefix_path.dsv\n'}
[0.291119] (zoomba) StdoutLine: {'line': b'-- Up-to-date: /ros_ws/install/zoomba/share/zoomba/environment/path.sh\n'}
[0.291146] (zoomba) StdoutLine: {'line': b'-- Installing: /ros_ws/install/zoomba/share/zoomba/environment/path.dsv\n'}
[0.291178] (zoomba) StdoutLine: {'line': b'-- Up-to-date: /ros_ws/install/zoomba/share/zoomba/local_setup.bash\n'}
[0.291196] (zoomba) StdoutLine: {'line': b'-- Up-to-date: /ros_ws/install/zoomba/share/zoomba/local_setup.sh\n'}
[0.291214] (zoomba) StdoutLine: {'line': b'-- Up-to-date: /ros_ws/install/zoomba/share/zoomba/local_setup.zsh\n'}
[0.291232] (zoomba) StdoutLine: {'line': b'-- Installing: /ros_ws/install/zoomba/share/zoomba/local_setup.dsv\n'}
[0.291257] (zoomba) StdoutLine: {'line': b'-- Installing: /ros_ws/install/zoomba/share/zoomba/package.dsv\n'}
[0.291286] (zoomba) StdoutLine: {'line': b'-- Up-to-date: /ros_ws/install/zoomba/share/ament_index/resource_index/packages/zoomba\n'}
[0.291306] (zoomba) StdoutLine: {'line': b'-- Up-to-date: /ros_ws/install/zoomba/share/zoomba/cmake/zoombaConfig.cmake\n'}
[0.291331] (zoomba) StdoutLine: {'line': b'-- Up-to-date: /ros_ws/install/zoomba/share/zoomba/cmake/zoombaConfig-version.cmake\n'}
[0.291351] (zoomba) StdoutLine: {'line': b'-- Installing: /ros_ws/install/zoomba/share/zoomba/package.xml\n'}
[0.291845] (zoomba) CommandEnded: {'returncode': 0}
[0.299189] (zoomba) JobEnded: {'identifier': 'zoomba', 'rc': 0}
[0.299450] (-) EventReactorShutdown: {}
