[0.004s] Invoking command in '/ros_ws/build/zoomba': CMAKE_PREFIX_PATH=/opt/ros/humble /usr/bin/cmake /ros_ws/src/zoomba -DCMAKE_INSTALL_PREFIX=/ros_ws/install/zoomba
[0.043s] -- The C compiler identification is GNU 11.4.0
[0.065s] -- The CXX compiler identification is GNU 11.4.0
[0.068s] -- Detecting C compiler ABI info
[0.092s] -- Detecting C compiler ABI info - done
[0.095s] -- Check for working C compiler: /usr/bin/cc - skipped
[0.095s] -- Detecting C compile features
[0.096s] -- Detecting C compile features - done
[0.097s] -- Detecting CXX compiler ABI info
[0.125s] -- Detecting CXX compiler ABI info - done
[0.128s] -- Check for working CXX compiler: /usr/bin/c++ - skipped
[0.128s] -- Detecting CXX compile features
[0.129s] -- Detecting CXX compile features - done
[0.130s] -- Found ament_cmake: 1.3.12 (/opt/ros/humble/share/ament_cmake/cmake)
[0.191s] -- Found Python3: /usr/bin/python3 (found version "3.10.12") found components: Interpreter 
[0.229s] -- Found rclcpp: 16.0.17 (/opt/ros/humble/share/rclcpp/cmake)
[0.247s] -- Found rosidl_generator_c: 3.1.8 (/opt/ros/humble/share/rosidl_generator_c/cmake)
[0.249s] -- Found rosidl_adapter: 3.1.8 (/opt/ros/humble/share/rosidl_adapter/cmake)
[0.253s] -- Found rosidl_generator_cpp: 3.1.8 (/opt/ros/humble/share/rosidl_generator_cpp/cmake)
[0.258s] -- Using all available rosidl_typesupport_c: rosidl_typesupport_fastrtps_c;rosidl_typesupport_introspection_c
[0.265s] -- Using all available rosidl_typesupport_cpp: rosidl_typesupport_fastrtps_cpp;rosidl_typesupport_introspection_cpp
[0.284s] -- Found rmw_implementation_cmake: 6.1.2 (/opt/ros/humble/share/rmw_implementation_cmake/cmake)
[0.285s] -- Found rmw_fastrtps_cpp: 6.2.9 (/opt/ros/humble/share/rmw_fastrtps_cpp/cmake)
[0.319s] -- Found OpenSSL: /usr/lib/x86_64-linux-gnu/libcrypto.so (found version "3.0.2")  
[0.332s] -- Found FastRTPS: /opt/ros/humble/include  
[0.352s] -- Using RMW implementation 'rmw_fastrtps_cpp' as default
[0.356s] -- Looking for pthread.h
[0.383s] -- Looking for pthread.h - found
[0.384s] -- Performing Test CMAKE_HAVE_LIBC_PTHREAD
[0.409s] -- Performing Test CMAKE_HAVE_LIBC_PTHREAD - Success
[0.410s] -- Found Threads: TRUE  
[0.431s] -- Found robot_state_publisher: 3.0.3 (/opt/ros/humble/share/robot_state_publisher/cmake)
[0.444s] -- Found eigen3_cmake_module: 0.1.1 (/opt/ros/humble/share/eigen3_cmake_module/cmake)
[0.445s] -- Found Eigen3: TRUE (found version "3.4.0") 
[0.445s] -- Ensuring Eigen3 include directory is part of orocos-kdl CMake target
[0.510s] -- Found xacro: 2.1.1 (/opt/ros/humble/share/xacro/cmake)
[0.511s] -- Found ament_lint_auto: 0.12.14 (/opt/ros/humble/share/ament_lint_auto/cmake)
[0.544s] -- Added test 'flake8' to check Python code syntax and style conventions
[0.544s] -- Added test 'lint_cmake' to check CMake code style
[0.544s] -- Added test 'pep257' to check Python code against some of the docstring style conventions in PEP 257
[0.545s] -- Added test 'xmllint' to check XML markup files
[0.545s] -- Configuring done
[0.547s] -- Generating done
[0.548s] -- Build files have been written to: /ros_ws/build/zoomba
[0.552s] Invoked command in '/ros_ws/build/zoomba' returned '0': CMAKE_PREFIX_PATH=/opt/ros/humble /usr/bin/cmake /ros_ws/src/zoomba -DCMAKE_INSTALL_PREFIX=/ros_ws/install/zoomba
[0.553s] Invoking command in '/ros_ws/build/zoomba': CMAKE_PREFIX_PATH=/opt/ros/humble /usr/bin/cmake --build /ros_ws/build/zoomba -- -j16 -l16
[0.567s] Invoked command in '/ros_ws/build/zoomba' returned '0': CMAKE_PREFIX_PATH=/opt/ros/humble /usr/bin/cmake --build /ros_ws/build/zoomba -- -j16 -l16
[0.571s] Invoking command in '/ros_ws/build/zoomba': CMAKE_PREFIX_PATH=/opt/ros/humble /usr/bin/cmake --install /ros_ws/build/zoomba
[0.573s] -- Install configuration: ""
[0.573s] -- Installing: /ros_ws/install/zoomba/share/zoomba//launch
[0.573s] -- Installing: /ros_ws/install/zoomba/share/zoomba//launch/sim.launch.py
[0.573s] -- Installing: /ros_ws/install/zoomba/share/zoomba//urdf
[0.573s] -- Installing: /ros_ws/install/zoomba/share/zoomba//urdf/zoomba.urdf.xacro
[0.573s] -- Installing: /ros_ws/install/zoomba/share/zoomba//config
[0.573s] -- Installing: /ros_ws/install/zoomba/share/zoomba//config/params.yaml
[0.573s] -- Installing: /ros_ws/install/zoomba/share/ament_index/resource_index/package_run_dependencies/zoomba
[0.574s] -- Installing: /ros_ws/install/zoomba/share/ament_index/resource_index/parent_prefix_path/zoomba
[0.574s] -- Installing: /ros_ws/install/zoomba/share/zoomba/environment/ament_prefix_path.sh
[0.574s] -- Installing: /ros_ws/install/zoomba/share/zoomba/environment/ament_prefix_path.dsv
[0.574s] -- Installing: /ros_ws/install/zoomba/share/zoomba/environment/path.sh
[0.574s] -- Installing: /ros_ws/install/zoomba/share/zoomba/environment/path.dsv
[0.574s] -- Installing: /ros_ws/install/zoomba/share/zoomba/local_setup.bash
[0.574s] -- Installing: /ros_ws/install/zoomba/share/zoomba/local_setup.sh
[0.574s] -- Installing: /ros_ws/install/zoomba/share/zoomba/local_setup.zsh
[0.574s] -- Installing: /ros_ws/install/zoomba/share/zoomba/local_setup.dsv
[0.574s] -- Installing: /ros_ws/install/zoomba/share/zoomba/package.dsv
[0.574s] -- Installing: /ros_ws/install/zoomba/share/ament_index/resource_index/packages/zoomba
[0.574s] -- Installing: /ros_ws/install/zoomba/share/zoomba/cmake/zoombaConfig.cmake
[0.574s] -- Installing: /ros_ws/install/zoomba/share/zoomba/cmake/zoombaConfig-version.cmake
[0.574s] -- Installing: /ros_ws/install/zoomba/share/zoomba/package.xml
[0.575s] Invoked command in '/ros_ws/build/zoomba' returned '0': CMAKE_PREFIX_PATH=/opt/ros/humble /usr/bin/cmake --install /ros_ws/build/zoomba
